<?xml version="1.0" encoding="UTF-8"?>
<testsuites name="jest tests" tests="2572" failures="14" time="321.356">
  <testsuite name="Dashboard Component" errors="0" failures="3" skipped="0" timestamp="2021-05-14T18:13:34" time="6.75" tests="8">
    <testcase classname="Dashboard Component should render FcaDashboard" name="Dashboard Component should render FcaDashboard" time="0.398">
      <failure>Error: expect(received).toMatchSnapshot()

Snapshot name: `Dashboard Component should render FcaDashboard 1`

- Snapshot
+ Received

@@ -838,11 +838,11 @@
                &lt;div
                  style=&quot;width: 100%; display: flex;&quot;
                &gt;
                  &lt;a
                    class=&quot;MuiTypography-root MuiLink-root MuiLink-underlineHover MuiTypography-colorPrimary&quot;
-                   href=&quot;/dashboard/projects?stateCode=&amp;period=1&amp;timeZoneOffset=-08:00&quot;
+                   href=&quot;/dashboard/projects?stateCode=&amp;period=1&amp;timeZoneOffset=-06:00&quot;
                  &gt;
                    &lt;span
                      class=&quot;makeStyles-widgetCta-44&quot;
                    &gt;
                      See more details
@@ -1958,11 +1958,11 @@
                &lt;div
                  style=&quot;width: 100%; display: flex;&quot;
                &gt;
                  &lt;a
                    class=&quot;MuiTypography-root MuiLink-root MuiLink-underlineHover MuiTypography-colorPrimary&quot;
-                   href=&quot;/dashboard/workers?stateCode=&amp;period=1&amp;timeZoneOffset=-08:00&quot;
+                   href=&quot;/dashboard/workers?stateCode=&amp;period=1&amp;timeZoneOffset=-06:00&quot;
                  &gt;
                    &lt;span
                      class=&quot;makeStyles-widgetCta-44&quot;
                    &gt;
                      See more details
@@ -2086,11 +2086,11 @@
                  &lt;hr
                    class=&quot;MuiDivider-root makeStyles-widgetDivider-184 makeStyles-widgetDividerTopMargin-185&quot;
                  /&gt;
                  &lt;a
                    class=&quot;MuiTypography-root MuiLink-root MuiLink-underlineHover MuiTypography-colorPrimary&quot;
-                   href=&quot;/dashboard/clients?stateCode=&amp;period=1&amp;timeZoneOffset=-08:00&quot;
+                   href=&quot;/dashboard/clients?stateCode=&amp;period=1&amp;timeZoneOffset=-06:00&quot;
                  &gt;
                    &lt;span
                      class=&quot;makeStyles-widgetCta-44&quot;
                    &gt;
                      See more details
    at Object.&lt;anonymous&gt; (D:\projects\makinsense\fca-operations-web\src\modules\views\pages\Dashboard\Dashboard.test.tsx:63:31)
    at Object.asyncJestTest (D:\projects\makinsense\fca-operations-web\node_modules\jest-jasmine2\build\jasmineAsyncInstall.js:102:37)
    at D:\projects\makinsense\fca-operations-web\node_modules\jest-jasmine2\build\queueRunner.js:43:12
    at new Promise (&lt;anonymous&gt;)
    at mapper (D:\projects\makinsense\fca-operations-web\node_modules\jest-jasmine2\build\queueRunner.js:26:19)
    at D:\projects\makinsense\fca-operations-web\node_modules\jest-jasmine2\build\queueRunner.js:73:41</failure>
    </testcase>
    <testcase classname="Dashboard Component should render ClientDashboard" name="Dashboard Component should render ClientDashboard" time="0.264">
    </testcase>
    <testcase classname="Dashboard Component should fetchNewBadges" name="Dashboard Component should fetchNewBadges" time="0.063">
    </testcase>
    <testcase classname="Dashboard Component should render loading new badges" name="Dashboard Component should render loading new badges" time="0.054">
    </testcase>
    <testcase classname="Dashboard Component should render no new badges" name="Dashboard Component should render no new badges" time="0.081">
    </testcase>
    <testcase classname="Dashboard Component should clear statistics" name="Dashboard Component should clear statistics" time="0.067">
    </testcase>
    <testcase classname="Dashboard Component should change state filter" name="Dashboard Component should change state filter" time="0.313">
      <failure>Error: expect(jest.fn()).toHaveBeenCalledWith(...expected)

Expected: &quot;path?stateCode=\&quot;AZ\&quot;&amp;period=1&amp;timeZoneOffset=\&quot;-08:00\&quot;&quot;
Received: &quot;path?stateCode=\&quot;AZ\&quot;&amp;period=1&amp;timeZoneOffset=\&quot;-06:00\&quot;&quot;

Number of calls: 1
    at Object.&lt;anonymous&gt; (D:\projects\makinsense\fca-operations-web\src\modules\views\pages\Dashboard\Dashboard.test.tsx:155:18)
    at Object.asyncJestTest (D:\projects\makinsense\fca-operations-web\node_modules\jest-jasmine2\build\jasmineAsyncInstall.js:102:37)
    at D:\projects\makinsense\fca-operations-web\node_modules\jest-jasmine2\build\queueRunner.js:43:12
    at new Promise (&lt;anonymous&gt;)
    at mapper (D:\projects\makinsense\fca-operations-web\node_modules\jest-jasmine2\build\queueRunner.js:26:19)
    at D:\projects\makinsense\fca-operations-web\node_modules\jest-jasmine2\build\queueRunner.js:73:41</failure>
    </testcase>
    <testcase classname="Dashboard Component should change period filter" name="Dashboard Component should change period filter" time="0.189">
      <failure>Error: expect(jest.fn()).toHaveBeenCalledWith(...expected)

Expected: &quot;path?stateCode=\&quot;\&quot;&amp;period=2&amp;timeZoneOffset=\&quot;-08:00\&quot;&quot;
Received
       1: &quot;path?stateCode=\&quot;AZ\&quot;&amp;period=1&amp;timeZoneOffset=\&quot;-06:00\&quot;&quot;
       2: &quot;path?stateCode=\&quot;\&quot;&amp;period=2&amp;timeZoneOffset=\&quot;-06:00\&quot;&quot;

Number of calls: 2
    at Object.&lt;anonymous&gt; (D:\projects\makinsense\fca-operations-web\src\modules\views\pages\Dashboard\Dashboard.test.tsx:178:18)
    at Object.asyncJestTest (D:\projects\makinsense\fca-operations-web\node_modules\jest-jasmine2\build\jasmineAsyncInstall.js:102:37)
    at D:\projects\makinsense\fca-operations-web\node_modules\jest-jasmine2\build\queueRunner.js:43:12
    at new Promise (&lt;anonymous&gt;)
    at mapper (D:\projects\makinsense\fca-operations-web\node_modules\jest-jasmine2\build\queueRunner.js:26:19)
    at D:\projects\makinsense\fca-operations-web\node_modules\jest-jasmine2\build\queueRunner.js:73:41</failure>
    </testcase>
  </testsuite>
  <testsuite name="ProjectList Component" errors="0" failures="3" skipped="0" timestamp="2021-05-14T18:13:41" time="6.066" tests="22">
    <testcase classname="ProjectList Component should render" name="ProjectList Component should render" time="0.299">
    </testcase>
    <testcase classname="ProjectList Component should fetchProjectList when FCA_ADMIN" name="ProjectList Component should fetchProjectList when FCA_ADMIN" time="0.297">
    </testcase>
    <testcase classname="ProjectList Component should fetchInvoiceStatistics when NOT FC_ADMIN" name="ProjectList Component should fetchInvoiceStatistics when NOT FC_ADMIN" time="0.153">
    </testcase>
    <testcase classname="ProjectList Component should render loading" name="ProjectList Component should render loading" time="0.148">
    </testcase>
    <testcase classname="ProjectList Component should clearProjectMap" name="ProjectList Component should clearProjectMap" time="0.154">
    </testcase>
    <testcase classname="ProjectList Component should render drawer" name="ProjectList Component should render drawer" time="0.253">
    </testcase>
    <testcase classname="ProjectList Component should show alternative values in project drawer" name="ProjectList Component should show alternative values in project drawer" time="0.164">
    </testcase>
    <testcase classname="ProjectList Component should not show related companies if null" name="ProjectList Component should not show related companies if null" time="0.185">
    </testcase>
    <testcase classname="ProjectList Component should change filter option" name="ProjectList Component should change filter option" time="0.171">
    </testcase>
    <testcase classname="ProjectList Component should change page" name="ProjectList Component should change page" time="0.314">
      <failure>Error: expect(jest.fn()).toHaveBeenCalledWith(...expected)

Expected: {&quot;filter&quot;: &quot;draft&quot;, &quot;limit&quot;: 15, &quot;page&quot;: 1, &quot;period&quot;: &quot;&quot;, &quot;status&quot;: 0, &quot;timeZoneOffset&quot;: &quot;-07:00&quot;}
Received
       1
        @@ -2,7 +2,7 @@
            &quot;filter&quot;: &quot;draft&quot;,
            &quot;limit&quot;: 15,
            &quot;page&quot;: 1,
            &quot;period&quot;: &quot;&quot;,
            &quot;status&quot;: 0,
        -   &quot;timeZoneOffset&quot;: &quot;-07:00&quot;,
        +   &quot;timeZoneOffset&quot;: &quot;-05:00&quot;,
          },
       2
          Object {
            &quot;filter&quot;: &quot;draft&quot;,
            &quot;limit&quot;: 15,
        -   &quot;page&quot;: 1,
        +   &quot;page&quot;: 2,
            &quot;period&quot;: &quot;&quot;,
            &quot;status&quot;: 0,
        -   &quot;timeZoneOffset&quot;: &quot;-07:00&quot;,
        +   &quot;timeZoneOffset&quot;: &quot;-05:00&quot;,
          },

Number of calls: 2
    at Object.&lt;anonymous&gt; (D:\projects\makinsense\fca-operations-web\src\modules\views\pages\ProjectList\ProjectList.test.tsx:252:36)
    at Object.asyncJestTest (D:\projects\makinsense\fca-operations-web\node_modules\jest-jasmine2\build\jasmineAsyncInstall.js:102:37)
    at D:\projects\makinsense\fca-operations-web\node_modules\jest-jasmine2\build\queueRunner.js:43:12
    at new Promise (&lt;anonymous&gt;)
    at mapper (D:\projects\makinsense\fca-operations-web\node_modules\jest-jasmine2\build\queueRunner.js:26:19)
    at D:\projects\makinsense\fca-operations-web\node_modules\jest-jasmine2\build\queueRunner.js:73:41</failure>
    </testcase>
    <testcase classname="ProjectList Component should change state filter" name="ProjectList Component should change state filter" time="0.259">
      <failure>Error: expect(jest.fn()).toHaveBeenCalledWith(...expected)

Expected: {&quot;filter&quot;: &quot;draft&quot;, &quot;limit&quot;: 15, &quot;page&quot;: 1, &quot;period&quot;: &quot;&quot;, &quot;stateCode&quot;: &quot;AZ&quot;, &quot;status&quot;: 0, &quot;timeZoneOffset&quot;: &quot;-07:00&quot;}
Received
       1
          Object {
            &quot;filter&quot;: &quot;draft&quot;,
            &quot;limit&quot;: 15,
            &quot;page&quot;: 1,
            &quot;period&quot;: &quot;&quot;,
        -   &quot;stateCode&quot;: &quot;AZ&quot;,
            &quot;status&quot;: 0,
        -   &quot;timeZoneOffset&quot;: &quot;-07:00&quot;,
        +   &quot;timeZoneOffset&quot;: &quot;-05:00&quot;,
          },
       2
        @@ -3,7 +3,7 @@
            &quot;limit&quot;: 15,
            &quot;page&quot;: 1,
            &quot;period&quot;: &quot;&quot;,
            &quot;stateCode&quot;: &quot;AZ&quot;,
            &quot;status&quot;: 0,
        -   &quot;timeZoneOffset&quot;: &quot;-07:00&quot;,
        +   &quot;timeZoneOffset&quot;: &quot;-05:00&quot;,
          },

Number of calls: 2
    at Object.&lt;anonymous&gt; (D:\projects\makinsense\fca-operations-web\src\modules\views\pages\ProjectList\ProjectList.test.tsx:288:36)
    at Object.asyncJestTest (D:\projects\makinsense\fca-operations-web\node_modules\jest-jasmine2\build\jasmineAsyncInstall.js:102:37)
    at D:\projects\makinsense\fca-operations-web\node_modules\jest-jasmine2\build\queueRunner.js:43:12
    at new Promise (&lt;anonymous&gt;)
    at mapper (D:\projects\makinsense\fca-operations-web\node_modules\jest-jasmine2\build\queueRunner.js:26:19)
    at D:\projects\makinsense\fca-operations-web\node_modules\jest-jasmine2\build\queueRunner.js:73:41</failure>
    </testcase>
    <testcase classname="ProjectList Component should change period filter" name="ProjectList Component should change period filter" time="0.167">
      <failure>Error: expect(jest.fn()).toHaveBeenCalledWith(...expected)

Expected: {&quot;filter&quot;: &quot;draft&quot;, &quot;limit&quot;: 15, &quot;page&quot;: 1, &quot;period&quot;: 0, &quot;status&quot;: 0, &quot;timeZoneOffset&quot;: &quot;-07:00&quot;}
Received
       1
          Object {
            &quot;filter&quot;: &quot;draft&quot;,
            &quot;limit&quot;: 15,
            &quot;page&quot;: 1,
        -   &quot;period&quot;: 0,
        +   &quot;period&quot;: &quot;&quot;,
            &quot;status&quot;: 0,
        -   &quot;timeZoneOffset&quot;: &quot;-07:00&quot;,
        +   &quot;timeZoneOffset&quot;: &quot;-05:00&quot;,
          },
       2
        @@ -2,7 +2,7 @@
            &quot;filter&quot;: &quot;draft&quot;,
            &quot;limit&quot;: 15,
            &quot;page&quot;: 1,
            &quot;period&quot;: 0,
            &quot;status&quot;: 0,
        -   &quot;timeZoneOffset&quot;: &quot;-07:00&quot;,
        +   &quot;timeZoneOffset&quot;: &quot;-05:00&quot;,
          },

Number of calls: 2
    at Object.&lt;anonymous&gt; (D:\projects\makinsense\fca-operations-web\src\modules\views\pages\ProjectList\ProjectList.test.tsx:319:36)
    at Object.asyncJestTest (D:\projects\makinsense\fca-operations-web\node_modules\jest-jasmine2\build\jasmineAsyncInstall.js:102:37)
    at D:\projects\makinsense\fca-operations-web\node_modules\jest-jasmine2\build\queueRunner.js:43:12
    at new Promise (&lt;anonymous&gt;)
    at mapper (D:\projects\makinsense\fca-operations-web\node_modules\jest-jasmine2\build\queueRunner.js:26:19)
    at D:\projects\makinsense\fca-operations-web\node_modules\jest-jasmine2\build\queueRunner.js:73:41</failure>
    </testcase>
    <testcase classname="ProjectList Component should close drawer on navigate away" name="ProjectList Component should close drawer on navigate away" time="0.174">
    </testcase>
    <testcase classname="ProjectList Component should navigate to project wizard" name="ProjectList Component should navigate to project wizard" time="0.169">
    </testcase>
    <testcase classname="ProjectList Component should delete project" name="ProjectList Component should delete project" time="0.233">
    </testcase>
    <testcase classname="ProjectList Component should delete last project in page" name="ProjectList Component should delete last project in page" time="0.198">
    </testcase>
    <testcase classname="ProjectList Component should show loading list" name="ProjectList Component should show loading list" time="0.099">
    </testcase>
    <testcase classname="ProjectList Component should hide elements based on role" name="ProjectList Component should hide elements based on role" time="0.131">
    </testcase>
    <testcase classname="ProjectList Component should navigate to create Project device" name="ProjectList Component should navigate to create Project device" time="0.122">
    </testcase>
    <testcase classname="ProjectList Component should navigate to project information" name="ProjectList Component should navigate to project information" time="0.106">
    </testcase>
    <testcase classname="ProjectList Component should show loading widgets" name="ProjectList Component should show loading widgets" time="0.211">
    </testcase>
    <testcase classname="ProjectList Component should fetch project statistics" name="ProjectList Component should fetch project statistics" time="0.24">
    </testcase>
  </testsuite>
  <testsuite name="InvoiceList" errors="0" failures="1" skipped="0" timestamp="2021-05-14T18:13:47" time="4.985" tests="16">
    <testcase classname="InvoiceList should render" name="InvoiceList should render" time="0.189">
    </testcase>
    <testcase classname="InvoiceList should render without invoices" name="InvoiceList should render without invoices" time="0.215">
    </testcase>
    <testcase classname="InvoiceList should render no FcAdmin" name="InvoiceList should render no FcAdmin" time="0.278">
    </testcase>
    <testcase classname="InvoiceList should fetch invoice statistics" name="InvoiceList should fetch invoice statistics" time="0.104">
    </testcase>
    <testcase classname="InvoiceList should fetch invoice list on edit" name="InvoiceList should fetch invoice list on edit" time="0.086">
    </testcase>
    <testcase classname="InvoiceList should fetchInvoiceList" name="InvoiceList should fetchInvoiceList" time="0.091">
    </testcase>
    <testcase classname="InvoiceList should unmount" name="InvoiceList should unmount" time="0.083">
    </testcase>
    <testcase classname="InvoiceList should refresh when pay invoice has error" name="InvoiceList should refresh when pay invoice has error" time="0.083">
    </testcase>
    <testcase classname="InvoiceList should open invoice modal" name="InvoiceList should open invoice modal" time="0.341">
    </testcase>
    <testcase classname="InvoiceList should change filter option" name="InvoiceList should change filter option" time="0.107">
    </testcase>
    <testcase classname="InvoiceList should save invoice" name="InvoiceList should save invoice" time="0.571">
    </testcase>
    <testcase classname="InvoiceList should save invoice as draft" name="InvoiceList should save invoice as draft" time="0.465">
    </testcase>
    <testcase classname="InvoiceList should change period filter" name="InvoiceList should change period filter" time="0.165">
      <failure>Error: expect(jest.fn()).toHaveBeenCalledWith(...expected)

Expected: {&quot;isPaid&quot;: false, &quot;pageNumber&quot;: 1, &quot;pageSize&quot;: 15, &quot;period&quot;: 0, &quot;sortType&quot;: &quot;descending&quot;, &quot;timeZoneOffset&quot;: &quot;-07:00&quot;}
Received
       1
          Object {
            &quot;isPaid&quot;: false,
            &quot;pageNumber&quot;: 1,
            &quot;pageSize&quot;: 15,
        -   &quot;period&quot;: 0,
        +   &quot;period&quot;: &quot;&quot;,
            &quot;sortType&quot;: &quot;descending&quot;,
        -   &quot;timeZoneOffset&quot;: &quot;-07:00&quot;,
          },
       2
        @@ -2,7 +2,7 @@
            &quot;isPaid&quot;: false,
            &quot;pageNumber&quot;: 1,
            &quot;pageSize&quot;: 15,
            &quot;period&quot;: 0,
            &quot;sortType&quot;: &quot;descending&quot;,
        -   &quot;timeZoneOffset&quot;: &quot;-07:00&quot;,
        +   &quot;timeZoneOffset&quot;: &quot;-05:00&quot;,
          },

Number of calls: 2
    at Object.&lt;anonymous&gt; (D:\projects\makinsense\fca-operations-web\src\modules\views\pages\InvoiceList\InvoiceList.test.tsx:443:36)
    at Object.asyncJestTest (D:\projects\makinsense\fca-operations-web\node_modules\jest-jasmine2\build\jasmineAsyncInstall.js:102:37)
    at D:\projects\makinsense\fca-operations-web\node_modules\jest-jasmine2\build\queueRunner.js:43:12
    at new Promise (&lt;anonymous&gt;)
    at mapper (D:\projects\makinsense\fca-operations-web\node_modules\jest-jasmine2\build\queueRunner.js:26:19)
    at D:\projects\makinsense\fca-operations-web\node_modules\jest-jasmine2\build\queueRunner.js:73:41</failure>
    </testcase>
    <testcase classname="InvoiceList should edit invoice" name="InvoiceList should edit invoice" time="0.668">
    </testcase>
    <testcase classname="InvoiceList should show edit loading" name="InvoiceList should show edit loading" time="0.235">
    </testcase>
    <testcase classname="InvoiceList should open edit draft invoice" name="InvoiceList should open edit draft invoice" time="0.28">
    </testcase>
  </testsuite>
  <testsuite name="ClientWizard Component" errors="0" failures="0" skipped="0" timestamp="2021-05-14T18:13:53" time="6.742" tests="27">
    <testcase classname="ClientWizard Component should render" name="ClientWizard Component should render" time="0.249">
    </testcase>
    <testcase classname="ClientWizard Component should render with fallback" name="ClientWizard Component should render with fallback" time="0.174">
    </testcase>
    <testcase classname="ClientWizard Component should unmount" name="ClientWizard Component should unmount" time="0.162">
    </testcase>
    <testcase classname="ClientWizard Component should render errors coming from server" name="ClientWizard Component should render errors coming from server" time="0.191">
    </testcase>
    <testcase classname="ClientWizard Component should fetchClient on load" name="ClientWizard Component should fetchClient on load" time="0.299">
    </testcase>
    <testcase classname="ClientWizard Component should fetchTradeList on load" name="ClientWizard Component should fetchTradeList on load" time="0.348">
    </testcase>
    <testcase classname="ClientWizard Component should fetchMwbe on load" name="ClientWizard Component should fetchMwbe on load" time="0.146">
    </testcase>
    <testcase classname="ClientWizard Component should reset form" name="ClientWizard Component should reset form" time="0.21">
    </testcase>
    <testcase classname="ClientWizard Component should save form" name="ClientWizard Component should save form" time="0.224">
    </testcase>
    <testcase classname="ClientWizard Component should show validations when save invalid data" name="ClientWizard Component should show validations when save invalid data" time="0.225">
    </testcase>
    <testcase classname="ClientWizard Component should show validations when save invalid users data" name="ClientWizard Component should show validations when save invalid users data" time="0.321">
    </testcase>
    <testcase classname="ClientWizard Component should show validations when save invalid address" name="ClientWizard Component should show validations when save invalid address" time="0.196">
    </testcase>
    <testcase classname="ClientWizard Component should update form" name="ClientWizard Component should update form" time="0.286">
    </testcase>
    <testcase classname="ClientWizard Component should send client for approval" name="ClientWizard Component should send client for approval" time="0.129">
    </testcase>
    <testcase classname="ClientWizard Component should approve client" name="ClientWizard Component should approve client" time="0.135">
    </testcase>
    <testcase classname="ClientWizard Component should not send client for approval when no admin user present" name="ClientWizard Component should not send client for approval when no admin user present" time="0.144">
    </testcase>
    <testcase classname="ClientWizard Component should send developer client for approval" name="ClientWizard Component should send developer client for approval" time="0.15">
    </testcase>
    <testcase classname="ClientWizard Component should update form with users" name="ClientWizard Component should update form with users" time="0.238">
    </testcase>
    <testcase classname="ClientWizard Component should render dialog when moves step without saving changes" name="ClientWizard Component should render dialog when moves step without saving changes" time="0.316">
    </testcase>
    <testcase classname="ClientWizard Component should render dialog when moves away from client flow" name="ClientWizard Component should render dialog when moves away from client flow" time="0.565">
    </testcase>
    <testcase classname="ClientWizard Component should render addresses form" name="ClientWizard Component should render addresses form" time="0.254">
    </testcase>
    <testcase classname="ClientWizard Component should render addresses form with default values" name="ClientWizard Component should render addresses form with default values" time="0.204">
    </testcase>
    <testcase classname="ClientWizard Component should render users form" name="ClientWizard Component should render users form" time="0.17">
    </testcase>
    <testcase classname="ClientWizard Component should change state" name="ClientWizard Component should change state" time="0.137">
    </testcase>
    <testcase classname="ClientWizard Component should change line 1" name="ClientWizard Component should change line 1" time="0.315">
    </testcase>
    <testcase classname="ClientWizard Component should render previous user" name="ClientWizard Component should render previous user" time="0.13">
    </testcase>
    <testcase classname="ClientWizard Component should render review" name="ClientWizard Component should render review" time="0.107">
    </testcase>
  </testsuite>
  <testsuite name="AssignUser" errors="0" failures="0" skipped="0" timestamp="2021-05-14T18:13:59" time="4.726" tests="15">
    <testcase classname="AssignUser should fetchUserProjectList" name="AssignUser should fetchUserProjectList" time="0.129">
    </testcase>
    <testcase classname="AssignUser should fetchClientList" name="AssignUser should fetchClientList" time="0.227">
    </testcase>
    <testcase classname="AssignUser assign tab should render" name="AssignUser assign tab should render" time="0.222">
    </testcase>
    <testcase classname="AssignUser assign tab should render loading" name="AssignUser assign tab should render loading" time="0.093">
    </testcase>
    <testcase classname="AssignUser assign tab should search" name="AssignUser assign tab should search" time="0.208">
    </testcase>
    <testcase classname="AssignUser assign tab should select item" name="AssignUser assign tab should select item" time="0.243">
    </testcase>
    <testcase classname="AssignUser assign tab should change page" name="AssignUser assign tab should change page" time="0.21">
    </testcase>
    <testcase classname="AssignUser assign tab should submit" name="AssignUser assign tab should submit" time="0.263">
    </testcase>
    <testcase classname="AssignUser assign tab should show selected" name="AssignUser assign tab should show selected" time="0.286">
    </testcase>
    <testcase classname="AssignUser assign tab should search by name on show selected filter" name="AssignUser assign tab should search by name on show selected filter" time="0.338">
    </testcase>
    <testcase classname="AssignUser assign tab should render not found" name="AssignUser assign tab should render not found" time="0.467">
    </testcase>
    <testcase classname="AssignUser create tab should render" name="AssignUser create tab should render" time="0.585">
    </testcase>
    <testcase classname="AssignUser create tab should render default" name="AssignUser create tab should render default" time="0.283">
    </testcase>
    <testcase classname="AssignUser create tab should create user" name="AssignUser create tab should create user" time="0.396">
    </testcase>
    <testcase classname="AssignUser create tab should show validation" name="AssignUser create tab should show validation" time="0.321">
    </testcase>
  </testsuite>
  <testsuite name="AccessControlSystemWizard Component" errors="0" failures="0" skipped="0" timestamp="2021-05-14T18:14:04" time="5.303" tests="16">
    <testcase classname="AccessControlSystemWizard Component should render" name="AccessControlSystemWizard Component should render" time="0.303">
    </testcase>
    <testcase classname="AccessControlSystemWizard Component should render fallback" name="AccessControlSystemWizard Component should render fallback" time="0.22">
    </testcase>
    <testcase classname="AccessControlSystemWizard Component should unmount" name="AccessControlSystemWizard Component should unmount" time="0.191">
    </testcase>
    <testcase classname="AccessControlSystemWizard Component should fetchAccessControlSystem on load" name="AccessControlSystemWizard Component should fetchAccessControlSystem on load" time="0.176">
    </testcase>
    <testcase classname="AccessControlSystemWizard Component should reset form" name="AccessControlSystemWizard Component should reset form" time="0.303">
    </testcase>
    <testcase classname="AccessControlSystemWizard Component should reset form reader 2" name="AccessControlSystemWizard Component should reset form reader 2" time="0.323">
    </testcase>
    <testcase classname="AccessControlSystemWizard Component should save access point" name="AccessControlSystemWizard Component should save access point" time="0.97">
    </testcase>
    <testcase classname="AccessControlSystemWizard Component should update access point" name="AccessControlSystemWizard Component should update access point" time="0.279">
    </testcase>
    <testcase classname="AccessControlSystemWizard Component should save handheld" name="AccessControlSystemWizard Component should save handheld" time="0.27">
    </testcase>
    <testcase classname="AccessControlSystemWizard Component should render server errors" name="AccessControlSystemWizard Component should render server errors" time="0.182">
    </testcase>
    <testcase classname="AccessControlSystemWizard Component should show validations" name="AccessControlSystemWizard Component should show validations" time="0.264">
    </testcase>
    <testcase classname="AccessControlSystemWizard Component should NOT navigate when loading and click away" name="AccessControlSystemWizard Component should NOT navigate when loading and click away" time="0.201">
    </testcase>
    <testcase classname="AccessControlSystemWizard Component should NOT navigate when loading and click away" name="AccessControlSystemWizard Component should NOT navigate when loading and click away" time="0.188">
    </testcase>
    <testcase classname="AccessControlSystemWizard Component should render dialog when moves away from ACS flow" name="AccessControlSystemWizard Component should render dialog when moves away from ACS flow" time="0.341">
    </testcase>
    <testcase classname="AccessControlSystemWizard Component should change reader 2" name="AccessControlSystemWizard Component should change reader 2" time="0.334">
    </testcase>
    <testcase classname="AccessControlSystemWizard Component should validate when reader 2 is checked" name="AccessControlSystemWizard Component should validate when reader 2 is checked" time="0.315">
    </testcase>
  </testsuite>
  <testsuite name="ClientDetail" errors="0" failures="0" skipped="0" timestamp="2021-05-14T18:14:10" time="5.275" tests="21">
    <testcase classname="ClientDetail should render project tab empty list" name="ClientDetail should render project tab empty list" time="0.085">
    </testcase>
    <testcase classname="ClientDetail should render workers tab" name="ClientDetail should render workers tab" time="0.09">
    </testcase>
    <testcase classname="ClientDetail should render invoices tab" name="ClientDetail should render invoices tab" time="0.319">
    </testcase>
    <testcase classname="ClientDetail should render default values" name="ClientDetail should render default values" time="0.093">
    </testcase>
    <testcase classname="ClientDetail should render loading" name="ClientDetail should render loading" time="0.065">
    </testcase>
    <testcase classname="ClientDetail should fetchClientStatistics" name="ClientDetail should fetchClientStatistics" time="0.058">
    </testcase>
    <testcase classname="ClientDetail should change project page" name="ClientDetail should change project page" time="0.088">
    </testcase>
    <testcase classname="ClientDetail should fetchClient" name="ClientDetail should fetchClient" time="0.058">
    </testcase>
    <testcase classname="ClientDetail should unmount" name="ClientDetail should unmount" time="0.049">
    </testcase>
    <testcase classname="ClientDetail should fetchMwbe" name="ClientDetail should fetchMwbe" time="0.052">
    </testcase>
    <testcase classname="ClientDetail should fetchTradeList" name="ClientDetail should fetchTradeList" time="0.052">
    </testcase>
    <testcase classname="ClientDetail should render users tab" name="ClientDetail should render users tab" time="0.045">
    </testcase>
    <testcase classname="ClientDetail should render workers tab" name="ClientDetail should render workers tab" time="0.081">
    </testcase>
    <testcase classname="ClientDetail should render information tab" name="ClientDetail should render information tab" time="0.081">
    </testcase>
    <testcase classname="ClientDetail should edit information" name="ClientDetail should edit information" time="1.166">
    </testcase>
    <testcase classname="ClientDetail should show validations" name="ClientDetail should show validations" time="0.486">
    </testcase>
    <testcase classname="ClientDetail should show server errors" name="ClientDetail should show server errors" time="0.313">
    </testcase>
    <testcase classname="ClientDetail should edit developer information" name="ClientDetail should edit developer information" time="0.38">
    </testcase>
    <testcase classname="ClientDetail should archive" name="ClientDetail should archive" time="0.357">
    </testcase>
    <testcase classname="ClientDetail should un archive" name="ClientDetail should un archive" time="0.196">
    </testcase>
    <testcase classname="ClientDetail should discard information" name="ClientDetail should discard information" time="0.53">
    </testcase>
  </testsuite>
  <testsuite name="BadgePrinterSystemWizard Component" errors="0" failures="0" skipped="0" timestamp="2021-05-14T18:14:15" time="5.579" tests="11">
    <testcase classname="BadgePrinterSystemWizard Component should render" name="BadgePrinterSystemWizard Component should render" time="0.51">
    </testcase>
    <testcase classname="BadgePrinterSystemWizard Component should render fallback" name="BadgePrinterSystemWizard Component should render fallback" time="0.414">
    </testcase>
    <testcase classname="BadgePrinterSystemWizard Component should unmount" name="BadgePrinterSystemWizard Component should unmount" time="0.316">
    </testcase>
    <testcase classname="BadgePrinterSystemWizard Component should fetchBadgePrinterSystem on load" name="BadgePrinterSystemWizard Component should fetchBadgePrinterSystem on load" time="0.609">
    </testcase>
    <testcase classname="BadgePrinterSystemWizard Component should reset" name="BadgePrinterSystemWizard Component should reset" time="0.752">
    </testcase>
    <testcase classname="BadgePrinterSystemWizard Component should save" name="BadgePrinterSystemWizard Component should save" time="0.892">
    </testcase>
    <testcase classname="BadgePrinterSystemWizard Component should update" name="BadgePrinterSystemWizard Component should update" time="0.37">
    </testcase>
    <testcase classname="BadgePrinterSystemWizard Component should render dialog when moves away from ACS flow" name="BadgePrinterSystemWizard Component should render dialog when moves away from ACS flow" time="0.444">
    </testcase>
    <testcase classname="BadgePrinterSystemWizard Component should NOT navigate when loading and click away" name="BadgePrinterSystemWizard Component should NOT navigate when loading and click away" time="0.254">
    </testcase>
    <testcase classname="BadgePrinterSystemWizard Component should render server errors" name="BadgePrinterSystemWizard Component should render server errors" time="0.248">
    </testcase>
    <testcase classname="BadgePrinterSystemWizard Component should show validations" name="BadgePrinterSystemWizard Component should show validations" time="0.292">
    </testcase>
  </testsuite>
  <testsuite name="ClientList Component" errors="0" failures="0" skipped="0" timestamp="2021-05-14T18:14:21" time="2.975" tests="15">
    <testcase classname="ClientList Component should render" name="ClientList Component should render" time="0.159">
    </testcase>
    <testcase classname="ClientList Component should open client detail" name="ClientList Component should open client detail" time="0.242">
    </testcase>
    <testcase classname="ClientList Component should navigate to client wizard" name="ClientList Component should navigate to client wizard" time="0.567">
    </testcase>
    <testcase classname="ClientList Component should show client detail info" name="ClientList Component should show client detail info" time="0.257">
    </testcase>
    <testcase classname="ClientList Component should close client detail" name="ClientList Component should close client detail" time="0.147">
    </testcase>
    <testcase classname="ClientList Component should fetchMwbe on load" name="ClientList Component should fetchMwbe on load" time="0.1">
    </testcase>
    <testcase classname="ClientList Component should clearClientMap on unmount" name="ClientList Component should clearClientMap on unmount" time="0.107">
    </testcase>
    <testcase classname="ClientList Component should change filter option" name="ClientList Component should change filter option" time="0.114">
    </testcase>
    <testcase classname="ClientList Component should delete client" name="ClientList Component should delete client" time="0.183">
    </testcase>
    <testcase classname="ClientList Component should delete last client in page" name="ClientList Component should delete last client in page" time="0.168">
    </testcase>
    <testcase classname="ClientList Component should show loading list" name="ClientList Component should show loading list" time="0.092">
    </testcase>
    <testcase classname="ClientList Component should change page" name="ClientList Component should change page" time="0.12">
    </testcase>
    <testcase classname="ClientList Component should close drawer when navigate away" name="ClientList Component should close drawer when navigate away" time="0.163">
    </testcase>
    <testcase classname="ClientList Component should navigate create Client" name="ClientList Component should navigate create Client" time="0.098">
    </testcase>
    <testcase classname="ClientList Component should fetchClientStatistics" name="ClientList Component should fetchClientStatistics" time="0.096">
    </testcase>
  </testsuite>
  <testsuite name="ApiService" errors="0" failures="0" skipped="0" timestamp="2021-05-14T18:14:24" time="1.468" tests="217">
    <testcase classname="ApiService should getProject" name="ApiService should getProject" time="0.003">
    </testcase>
    <testcase classname="ApiService should getDraftProject" name="ApiService should getDraftProject" time="0.001">
    </testcase>
    <testcase classname="ApiService should getStatusProcore" name="ApiService should getStatusProcore" time="0.002">
    </testcase>
    <testcase classname="ApiService should connectProcore" name="ApiService should connectProcore" time="0.002">
    </testcase>
    <testcase classname="ApiService should disconnectProcore" name="ApiService should disconnectProcore" time="0.001">
    </testcase>
    <testcase classname="ApiService should getWorker" name="ApiService should getWorker" time="0.001">
    </testcase>
    <testcase classname="ApiService should getWorkerStatistics" name="ApiService should getWorkerStatistics" time="0.002">
    </testcase>
    <testcase classname="ApiService should getClientDetailStatistics" name="ApiService should getClientDetailStatistics" time="0.001">
    </testcase>
    <testcase classname="ApiService should getProjectDetailStatistics" name="ApiService should getProjectDetailStatistics" time="0.001">
    </testcase>
    <testcase classname="ApiService should getSelfWorkerStatistics" name="ApiService should getSelfWorkerStatistics" time="0.001">
    </testcase>
    <testcase classname="ApiService should getProjectList" name="ApiService should getProjectList" time="0.001">
    </testcase>
    <testcase classname="ApiService should getWorkerList" name="ApiService should getWorkerList" time="0.002">
    </testcase>
    <testcase classname="ApiService should assignWorkerProject" name="ApiService should assignWorkerProject" time="0.001">
    </testcase>
    <testcase classname="ApiService should getSelfWorkerList" name="ApiService should getSelfWorkerList" time="0.001">
    </testcase>
    <testcase classname="ApiService should getProjectClientList" name="ApiService should getProjectClientList" time="0.001">
    </testcase>
    <testcase classname="ApiService should getProjectUserList" name="ApiService should getProjectUserList" time="0.001">
    </testcase>
    <testcase classname="ApiService should getProjectSummary" name="ApiService should getProjectSummary" time="0.002">
    </testcase>
    <testcase classname="ApiService should saveProject" name="ApiService should saveProject" time="0.001">
    </testcase>
    <testcase classname="ApiService should saveWorker" name="ApiService should saveWorker" time="0.001">
    </testcase>
    <testcase classname="ApiService should saveSelfWorker" name="ApiService should saveSelfWorker" time="0.002">
    </testcase>
    <testcase classname="ApiService should updateWorker" name="ApiService should updateWorker" time="0.001">
    </testcase>
    <testcase classname="ApiService should saveAccessControlSystemAccessPoint" name="ApiService should saveAccessControlSystemAccessPoint" time="0.001">
    </testcase>
    <testcase classname="ApiService should saveHandheld" name="ApiService should saveHandheld" time="0.001">
    </testcase>
    <testcase classname="ApiService should updateDraftProject" name="ApiService should updateDraftProject" time="0.002">
    </testcase>
    <testcase classname="ApiService should updateProject" name="ApiService should updateProject" time="0.001">
    </testcase>
    <testcase classname="ApiService should updateAccessControlSystemAccessPoint" name="ApiService should updateAccessControlSystemAccessPoint" time="0.001">
    </testcase>
    <testcase classname="ApiService should updateAccessControlSystemHandheld" name="ApiService should updateAccessControlSystemHandheld" time="0.002">
    </testcase>
    <testcase classname="ApiService should sendApproveClient" name="ApiService should sendApproveClient" time="0.002">
    </testcase>
    <testcase classname="ApiService should approveClient" name="ApiService should approveClient" time="0.002">
    </testcase>
    <testcase classname="ApiService should sendApproveProject" name="ApiService should sendApproveProject" time="0.001">
    </testcase>
    <testcase classname="ApiService should approveProject" name="ApiService should approveProject" time="0.001">
    </testcase>
    <testcase classname="ApiService should acceptProjectInvitation" name="ApiService should acceptProjectInvitation" time="0.002">
    </testcase>
    <testcase classname="ApiService should deleteClient" name="ApiService should deleteClient" time="0.001">
    </testcase>
    <testcase classname="ApiService should deleteProject" name="ApiService should deleteProject" time="0.001">
    </testcase>
    <testcase classname="ApiService should deleteAccessControlSystem" name="ApiService should deleteAccessControlSystem" time="0.001">
    </testcase>
    <testcase classname="ApiService should getClient" name="ApiService should getClient" time="0.001">
    </testcase>
    <testcase classname="ApiService should getDraftClient" name="ApiService should getDraftClient" time="0.006">
    </testcase>
    <testcase classname="ApiService should getClientList" name="ApiService should getClientList" time="0.001">
    </testcase>
    <testcase classname="ApiService should getAccessControlSystemList" name="ApiService should getAccessControlSystemList" time="0.001">
    </testcase>
    <testcase classname="ApiService should getGrossRevenueStatistics" name="ApiService should getGrossRevenueStatistics" time="0.001">
    </testcase>
    <testcase classname="ApiService should getWorkersActivityStatistics" name="ApiService should getWorkersActivityStatistics" time="0.001">
    </testcase>
    <testcase classname="ApiService should getWorkerObservation" name="ApiService should getWorkerObservation" time="0.001">
    </testcase>
    <testcase classname="ApiService should get Worker Activity List" name="ApiService should get Worker Activity List" time="0.001">
    </testcase>
    <testcase classname="ApiService should get Worker Observation List" name="ApiService should get Worker Observation List" time="0.001">
    </testcase>
    <testcase classname="ApiService should getGrossRevenueWidgetStatistics" name="ApiService should getGrossRevenueWidgetStatistics" time="0.001">
    </testcase>
    <testcase classname="ApiService should getWorkersActivityWidgetStatistics" name="ApiService should getWorkersActivityWidgetStatistics" time="0.001">
    </testcase>
    <testcase classname="ApiService should getClientRevenueWidgetStatistics" name="ApiService should getClientRevenueWidgetStatistics" time="0.001">
    </testcase>
    <testcase classname="ApiService should getClientWorkersActivityWidgetStatistics" name="ApiService should getClientWorkersActivityWidgetStatistics" time="0.001">
    </testcase>
    <testcase classname="ApiService should getProjectWorkersActivityStatistics" name="ApiService should getProjectWorkersActivityStatistics" time="0.001">
    </testcase>
    <testcase classname="ApiService should getProjectAccessControlSystemStatistics" name="ApiService should getProjectAccessControlSystemStatistics" time="0.001">
    </testcase>
    <testcase classname="ApiService should getProjectBadgePrintingSystemStatistics" name="ApiService should getProjectBadgePrintingSystemStatistics" time="0.001">
    </testcase>
    <testcase classname="ApiService should getProjectClientsStatistics" name="ApiService should getProjectClientsStatistics" time="0.002">
    </testcase>
    <testcase classname="ApiService should getProjectActivesStatistics" name="ApiService should getProjectActivesStatistics" time="0.001">
    </testcase>
    <testcase classname="ApiService should getProjectBadgeLocationStatistics" name="ApiService should getProjectBadgeLocationStatistics" time="0.001">
    </testcase>
    <testcase classname="ApiService should getProjectBadgeProjectStatistics" name="ApiService should getProjectBadgeProjectStatistics" time="0.001">
    </testcase>
    <testcase classname="ApiService should getProjectRevenueProjectStatistics" name="ApiService should getProjectRevenueProjectStatistics" time="0.001">
    </testcase>
    <testcase classname="ApiService should getProjectTopTenStatistics" name="ApiService should getProjectTopTenStatistics" time="0.001">
    </testcase>
    <testcase classname="ApiService should getClientTopTenStatistics" name="ApiService should getClientTopTenStatistics" time="0.001">
    </testcase>
    <testcase classname="ApiService should getClientActivesStatistics" name="ApiService should getClientActivesStatistics" time="0.001">
    </testcase>
    <testcase classname="ApiService should getClientsByTrades" name="ApiService should getClientsByTrades" time="0.001">
    </testcase>
    <testcase classname="ApiService should getNewAssignedWorkersWidgetStatistics" name="ApiService should getNewAssignedWorkersWidgetStatistics" time="0.001">
    </testcase>
    <testcase classname="ApiService should getWorkersByProject" name="ApiService should getWorkersByProject" time="0.001">
    </testcase>
    <testcase classname="ApiService should getWorkersByClient" name="ApiService should getWorkersByClient" time="0.001">
    </testcase>
    <testcase classname="ApiService should getWorkersByLocation" name="ApiService should getWorkersByLocation" time="0.001">
    </testcase>
    <testcase classname="ApiService should getWorkersByJobData" name="ApiService should getWorkersByJobData" time="0.001">
    </testcase>
    <testcase classname="ApiService should getWorkersByJobDataByTrades" name="ApiService should getWorkersByJobDataByTrades" time="0.002">
    </testcase>
    <testcase classname="ApiService should getWorkersByJobDataByExperience" name="ApiService should getWorkersByJobDataByExperience" time="0.001">
    </testcase>
    <testcase classname="ApiService should getWorkersByTradesMinority" name="ApiService should getWorkersByTradesMinority" time="0.006">
    </testcase>
    <testcase classname="ApiService should getWorkersByTradesNonMinority" name="ApiService should getWorkersByTradesNonMinority" time="0.001">
    </testcase>
    <testcase classname="ApiService should getWorkersCertifications" name="ApiService should getWorkersCertifications" time="0.001">
    </testcase>
    <testcase classname="ApiService should getWorkersObservations" name="ApiService should getWorkersObservations" time="0.002">
    </testcase>
    <testcase classname="ApiService should getWorkersByDemographicDataByLanguage" name="ApiService should getWorkersByDemographicDataByLanguage" time="0.001">
    </testcase>
    <testcase classname="ApiService should getWorkersByDemographicDataByEthnicity" name="ApiService should getWorkersByDemographicDataByEthnicity" time="0.001">
    </testcase>
    <testcase classname="ApiService should getWorkersByDemographicDataByGender" name="ApiService should getWorkersByDemographicDataByGender" time="0.001">
    </testcase>
    <testcase classname="ApiService should getWorkersTrainings" name="ApiService should getWorkersTrainings" time="0.001">
    </testcase>
    <testcase classname="ApiService should getWorkersNewWorkers" name="ApiService should getWorkersNewWorkers" time="0.001">
    </testcase>
    <testcase classname="ApiService should getClientUserList" name="ApiService should getClientUserList" time="0.001">
    </testcase>
    <testcase classname="ApiService should getClientWorkerList" name="ApiService should getClientWorkerList" time="0.001">
    </testcase>
    <testcase classname="ApiService should getClientProjectList" name="ApiService should getClientProjectList" time="0.001">
    </testcase>
    <testcase classname="ApiService should saveClient" name="ApiService should saveClient" time="0.001">
    </testcase>
    <testcase classname="ApiService should updateDraftClient" name="ApiService should updateDraftClient" time="0.001">
    </testcase>
    <testcase classname="ApiService should getMwbeTypes" name="ApiService should getMwbeTypes" time="0.001">
    </testcase>
    <testcase classname="ApiService should getClientSummary" name="ApiService should getClientSummary" time="0.001">
    </testcase>
    <testcase classname="ApiService should getAccessControlSystemSummary" name="ApiService should getAccessControlSystemSummary" time="0.001">
    </testcase>
    <testcase classname="ApiService should getAccessControlSystem" name="ApiService should getAccessControlSystem" time="0.001">
    </testcase>
    <testcase classname="ApiService should getTrades" name="ApiService should getTrades" time="0">
    </testcase>
    <testcase classname="ApiService should getEthnicities" name="ApiService should getEthnicities" time="0">
    </testcase>
    <testcase classname="ApiService should getLanguages" name="ApiService should getLanguages" time="0.001">
    </testcase>
    <testcase classname="ApiService should getJobTitles" name="ApiService should getJobTitles" time="0.001">
    </testcase>
    <testcase classname="ApiService should getTradeStatuses" name="ApiService should getTradeStatuses" time="0.001">
    </testcase>
    <testcase classname="ApiService should getSkilledTrades" name="ApiService should getSkilledTrades" time="0.001">
    </testcase>
    <testcase classname="ApiService should getIdentificationTypes" name="ApiService should getIdentificationTypes" time="0.001">
    </testcase>
    <testcase classname="ApiService should getSocJobTitles" name="ApiService should getSocJobTitles" time="0.001">
    </testcase>
    <testcase classname="ApiService should getUserList" name="ApiService should getUserList" time="0.003">
    </testcase>
    <testcase classname="ApiService should searchClient" name="ApiService should searchClient" time="0.001">
    </testcase>
    <testcase classname="ApiService should getWorkerProjectByCompany" name="ApiService should getWorkerProjectByCompany" time="0.001">
    </testcase>
    <testcase classname="ApiService should searchClients without developer flag" name="ApiService should searchClients without developer flag" time="0.001">
    </testcase>
    <testcase classname="ApiService should searchProject" name="ApiService should searchProject" time="0.001">
    </testcase>
    <testcase classname="ApiService should assignClientProject" name="ApiService should assignClientProject" time="0.001">
    </testcase>
    <testcase classname="ApiService should assignUserProject" name="ApiService should assignUserProject" time="0.005">
    </testcase>
    <testcase classname="ApiService should getProjectCategories" name="ApiService should getProjectCategories" time="0.002">
    </testcase>
    <testcase classname="ApiService should getFcaNae" name="ApiService should getFcaNae" time="0.001">
    </testcase>
    <testcase classname="ApiService should getFcaRegion" name="ApiService should getFcaRegion" time="0.001">
    </testcase>
    <testcase classname="ApiService should getSizeCategories" name="ApiService should getSizeCategories" time="0.001">
    </testcase>
    <testcase classname="ApiService should getCertifications" name="ApiService should getCertifications" time="0.001">
    </testcase>
    <testcase classname="ApiService should getCertificationTemplates" name="ApiService should getCertificationTemplates" time="0.001">
    </testcase>
    <testcase classname="ApiService should getTrainings" name="ApiService should getTrainings" time="0.001">
    </testcase>
    <testcase classname="ApiService should getBillingTiers" name="ApiService should getBillingTiers" time="0.001">
    </testcase>
    <testcase classname="ApiService should getClientDetail" name="ApiService should getClientDetail" time="0.001">
    </testcase>
    <testcase classname="ApiService should saveUser" name="ApiService should saveUser" time="0.001">
    </testcase>
    <testcase classname="ApiService should getUserRoles" name="ApiService should getUserRoles" time="0.001">
    </testcase>
    <testcase classname="ApiService should validateToken" name="ApiService should validateToken" time="0.001">
    </testcase>
    <testcase classname="ApiService should createAccount" name="ApiService should createAccount" time="0.001">
    </testcase>
    <testcase classname="ApiService should updateClient" name="ApiService should updateClient" time="0.001">
    </testcase>
    <testcase classname="ApiService should getVisitorBadgeList" name="ApiService should getVisitorBadgeList" time="0.001">
    </testcase>
    <testcase classname="ApiService should getVisitorBadge" name="ApiService should getVisitorBadge" time="0.001">
    </testcase>
    <testcase classname="ApiService should updateBadgeVisitor" name="ApiService should updateBadgeVisitor" time="0.001">
    </testcase>
    <testcase classname="ApiService should getBadgeHistory" name="ApiService should getBadgeHistory" time="0.001">
    </testcase>
    <testcase classname="ApiService should createBadgeVisitors" name="ApiService should createBadgeVisitors" time="0.001">
    </testcase>
    <testcase classname="ApiService should getBadgeVisitorEntity" name="ApiService should getBadgeVisitorEntity" time="0.001">
    </testcase>
    <testcase classname="ApiService should archiveClient" name="ApiService should archiveClient" time="0.001">
    </testcase>
    <testcase classname="ApiService should unarchiveClient" name="ApiService should unarchiveClient" time="0.001">
    </testcase>
    <testcase classname="ApiService should archiveProject" name="ApiService should archiveProject" time="0.001">
    </testcase>
    <testcase classname="ApiService should getProjectClientHirearchyList" name="ApiService should getProjectClientHirearchyList" time="0.001">
    </testcase>
    <testcase classname="ApiService should unarchiveProject" name="ApiService should unarchiveProject" time="0.001">
    </testcase>
    <testcase classname="ApiService should getBadgePrinterSystem" name="ApiService should getBadgePrinterSystem" time="0.001">
    </testcase>
    <testcase classname="ApiService should getProjectAccessControlSystemList" name="ApiService should getProjectAccessControlSystemList" time="0.001">
    </testcase>
    <testcase classname="ApiService should getProjectAccessControlSystem" name="ApiService should getProjectAccessControlSystem" time="0.001">
    </testcase>
    <testcase classname="ApiService should saveBadgePrinterSystem" name="ApiService should saveBadgePrinterSystem" time="0.001">
    </testcase>
    <testcase classname="ApiService should getProjectAccessControlSystemLocationList" name="ApiService should getProjectAccessControlSystemLocationList" time="0.001">
    </testcase>
    <testcase classname="ApiService should assignAcsProject" name="ApiService should assignAcsProject" time="0.001">
    </testcase>
    <testcase classname="ApiService should unAssignAccessControlSystemProject" name="ApiService should unAssignAccessControlSystemProject" time="0.001">
    </testcase>
    <testcase classname="ApiService should updateBadgePrinterSystem" name="ApiService should updateBadgePrinterSystem" time="0.001">
    </testcase>
    <testcase classname="ApiService should updateProjectAccessControlSystem" name="ApiService should updateProjectAccessControlSystem" time="0.001">
    </testcase>
    <testcase classname="ApiService should getBadgePrinterSystemList" name="ApiService should getBadgePrinterSystemList" time="0.001">
    </testcase>
    <testcase classname="ApiService should deleteBadgePrinterSystem" name="ApiService should deleteBadgePrinterSystem" time="0.001">
    </testcase>
    <testcase classname="ApiService should getWorkerCertificationList" name="ApiService should getWorkerCertificationList" time="0.001">
    </testcase>
    <testcase classname="ApiService should getWorkerTrainingList" name="ApiService should getWorkerTrainingList" time="0.001">
    </testcase>
    <testcase classname="ApiService should getWorkerProjectList" name="ApiService should getWorkerProjectList" time="0.001">
    </testcase>
    <testcase classname="ApiService should getProjectBadgePrintingSystemList" name="ApiService should getProjectBadgePrintingSystemList" time="0.005">
    </testcase>
    <testcase classname="ApiService should getProjectWorkerList" name="ApiService should getProjectWorkerList" time="0.001">
    </testcase>
    <testcase classname="ApiService should getWorkerCertification" name="ApiService should getWorkerCertification" time="0.001">
    </testcase>
    <testcase classname="ApiService should getWorkerTraining" name="ApiService should getWorkerTraining" time="0.001">
    </testcase>
    <testcase classname="ApiService should getWorkerProjectNameList" name="ApiService should getWorkerProjectNameList" time="0.001">
    </testcase>
    <testcase classname="ApiService should assignBadgePrintingSystemProject" name="ApiService should assignBadgePrintingSystemProject" time="0.001">
    </testcase>
    <testcase classname="ApiService should unAssignBadgePrintingSystemProject" name="ApiService should unAssignBadgePrintingSystemProject" time="0.001">
    </testcase>
    <testcase classname="ApiService should addWorkerCertification" name="ApiService should addWorkerCertification" time="0.001">
    </testcase>
    <testcase classname="ApiService should addWorkerTraining" name="ApiService should addWorkerTraining" time="0.001">
    </testcase>
    <testcase classname="ApiService should getWorkerCertificationResource" name="ApiService should getWorkerCertificationResource" time="0.002">
    </testcase>
    <testcase classname="ApiService should getWorkerTrainingResource" name="ApiService should getWorkerTrainingResource" time="0.001">
    </testcase>
    <testcase classname="ApiService should updateBadgePrintingSystemProjectDate" name="ApiService should updateBadgePrintingSystemProjectDate" time="0.001">
    </testcase>
    <testcase classname="ApiService should getConsentForm" name="ApiService should getConsentForm" time="0.001">
    </testcase>
    <testcase classname="ApiService should getEditableConsentForm" name="ApiService should getEditableConsentForm" time="0.001">
    </testcase>
    <testcase classname="ApiService should saveConsentForm" name="ApiService should saveConsentForm" time="0.001">
    </testcase>
    <testcase classname="ApiService should getBadge" name="ApiService should getBadge" time="0.001">
    </testcase>
    <testcase classname="ApiService should activateBadge" name="ApiService should activateBadge" time="0.001">
    </testcase>
    <testcase classname="ApiService should updateBadge" name="ApiService should updateBadge" time="0.001">
    </testcase>
    <testcase classname="ApiService should revokeBadge" name="ApiService should revokeBadge" time="0.001">
    </testcase>
    <testcase classname="ApiService should deactivateBadge" name="ApiService should deactivateBadge" time="0.001">
    </testcase>
    <testcase classname="ApiService should uploadConfirm" name="ApiService should uploadConfirm" time="0.001">
    </testcase>
    <testcase classname="ApiService should getPaymentMethods" name="ApiService should getPaymentMethods" time="0.001">
    </testcase>
    <testcase classname="ApiService should createPayment" name="ApiService should createPayment" time="0.001">
    </testcase>
    <testcase classname="ApiService should deletePayment" name="ApiService should deletePayment" time="0.001">
    </testcase>
    <testcase classname="ApiService should replacePayment" name="ApiService should replacePayment" time="0.001">
    </testcase>
    <testcase classname="ApiService should getPrintableWorkerBadge" name="ApiService should getPrintableWorkerBadge" time="0.001">
    </testcase>
    <testcase classname="ApiService should getPrintableVisitorBadge" name="ApiService should getPrintableVisitorBadge" time="0.001">
    </testcase>
    <testcase classname="ApiService uploadFile should send" name="ApiService uploadFile should send" time="0.001">
    </testcase>
    <testcase classname="ApiService uploadFile should progress" name="ApiService uploadFile should progress" time="0.002">
    </testcase>
    <testcase classname="ApiService uploadFile should onload" name="ApiService uploadFile should onload" time="0.001">
    </testcase>
    <testcase classname="ApiService uploadFile should onload error" name="ApiService uploadFile should onload error" time="0.001">
    </testcase>
    <testcase classname="ApiService uploadFile should onerror" name="ApiService uploadFile should onerror" time="0.001">
    </testcase>
    <testcase classname="ApiService downloadFile should send" name="ApiService downloadFile should send" time="0.001">
    </testcase>
    <testcase classname="ApiService downloadFile should onload" name="ApiService downloadFile should onload" time="0.002">
    </testcase>
    <testcase classname="ApiService downloadFile should onload error" name="ApiService downloadFile should onload error" time="0.001">
    </testcase>
    <testcase classname="ApiService downloadFile should onerror" name="ApiService downloadFile should onerror" time="0.001">
    </testcase>
    <testcase classname="ApiService protectedRequest should make a protectedRequest" name="ApiService protectedRequest should make a protectedRequest" time="0.001">
    </testcase>
    <testcase classname="ApiService protectedRequest should make a protectedRequest with a body" name="ApiService protectedRequest should make a protectedRequest with a body" time="0.001">
    </testcase>
    <testcase classname="ApiService publicRequest should make a publicRequest" name="ApiService publicRequest should make a publicRequest" time="0.004">
    </testcase>
    <testcase classname="ApiService publicRequest should make a publicRequest with a body" name="ApiService publicRequest should make a publicRequest with a body" time="0.001">
    </testcase>
    <testcase classname="ApiService should parse a body" name="ApiService should parse a body" time="0">
    </testcase>
    <testcase classname="ApiService should format error" name="ApiService should format error" time="0.001">
    </testcase>
    <testcase classname="ApiService should getProjectStatistics" name="ApiService should getProjectStatistics" time="0.001">
    </testcase>
    <testcase classname="ApiService should getCompanyProjectStatistics" name="ApiService should getCompanyProjectStatistics" time="0.001">
    </testcase>
    <testcase classname="ApiService should getClientStatistics" name="ApiService should getClientStatistics" time="0.002">
    </testcase>
    <testcase classname="ApiService should getInventoryStatistics" name="ApiService should getInventoryStatistics" time="0.002">
    </testcase>
    <testcase classname="ApiService should getProjectWidgetStatistics" name="ApiService should getProjectWidgetStatistics" time="0.002">
    </testcase>
    <testcase classname="ApiService should getClientWidgetStatistics" name="ApiService should getClientWidgetStatistics" time="0.002">
    </testcase>
    <testcase classname="ApiService should getConsentFormFields" name="ApiService should getConsentFormFields" time="0.002">
    </testcase>
    <testcase classname="ApiService should getProjectBadgeResources" name="ApiService should getProjectBadgeResources" time="0.002">
    </testcase>
    <testcase classname="ApiService should getConsentFormFields" name="ApiService should getConsentFormFields" time="0.002">
    </testcase>
    <testcase classname="ApiService should resetPassword" name="ApiService should resetPassword" time="0.002">
    </testcase>
    <testcase classname="ApiService should confirmResetPassword" name="ApiService should confirmResetPassword" time="0.001">
    </testcase>
    <testcase classname="ApiService should getInvoiceList" name="ApiService should getInvoiceList" time="0.002">
    </testcase>
    <testcase classname="ApiService should getServiceTypeList" name="ApiService should getServiceTypeList" time="0.001">
    </testcase>
    <testcase classname="ApiService should saveInvoice" name="ApiService should saveInvoice" time="0.001">
    </testcase>
    <testcase classname="ApiService should getInvoiceStatistics" name="ApiService should getInvoiceStatistics" time="0.001">
    </testcase>
    <testcase classname="ApiService should getInvoiceSummary" name="ApiService should getInvoiceSummary" time="0.001">
    </testcase>
    <testcase classname="ApiService should deleteInvoice" name="ApiService should deleteInvoice" time="0.001">
    </testcase>
    <testcase classname="ApiService should markInvoiceAsPaid" name="ApiService should markInvoiceAsPaid" time="0.001">
    </testcase>
    <testcase classname="ApiService should markInvoiceAsVoid" name="ApiService should markInvoiceAsVoid" time="0.001">
    </testcase>
    <testcase classname="ApiService should payInvoice" name="ApiService should payInvoice" time="0.001">
    </testcase>
    <testcase classname="ApiService should confirmInvoice" name="ApiService should confirmInvoice" time="0.001">
    </testcase>
    <testcase classname="ApiService should downloadInvoice" name="ApiService should downloadInvoice" time="0.001">
    </testcase>
    <testcase classname="ApiService should downloadConsentForm" name="ApiService should downloadConsentForm" time="0">
    </testcase>
    <testcase classname="ApiService should editInvoice" name="ApiService should editInvoice" time="0.002">
    </testcase>
    <testcase classname="ApiService should getInvoice" name="ApiService should getInvoice" time="0.001">
    </testcase>
    <testcase classname="ApiService should changePassword" name="ApiService should changePassword" time="0.001">
    </testcase>
    <testcase classname="ApiService should updateProfile" name="ApiService should updateProfile" time="0.001">
    </testcase>
    <testcase classname="ApiService should updateCompanyUserProfile" name="ApiService should updateCompanyUserProfile" time="0.001">
    </testcase>
    <testcase classname="ApiService should getAccount" name="ApiService should getAccount" time="0.001">
    </testcase>
    <testcase classname="ApiService should getCompanyUserAccount" name="ApiService should getCompanyUserAccount" time="0">
    </testcase>
    <testcase classname="ApiService should getCountryList" name="ApiService should getCountryList" time="0.001">
    </testcase>
    <testcase classname="ApiService should getProfilePhotoResource" name="ApiService should getProfilePhotoResource" time="0.001">
    </testcase>
    <testcase classname="ApiService should getProjectClientSummary" name="ApiService should getProjectClientSummary" time="0.001">
    </testcase>
    <testcase classname="ApiService should updateClientProjectTaxCondition" name="ApiService should updateClientProjectTaxCondition" time="0.001">
    </testcase>
    <testcase classname="ApiService should updateProjectPaymentMethod" name="ApiService should updateProjectPaymentMethod" time="0.001">
    </testcase>
    <testcase classname="ApiService should getTimeZones" name="ApiService should getTimeZones" time="0.001">
    </testcase>
  </testsuite>
  <testsuite name="client epics" errors="0" failures="0" skipped="0" timestamp="2021-05-14T18:14:25" time="0.846" tests="46">
    <testcase classname="client epics fetchClientStart should get epic for clients fetch client" name="client epics fetchClientStart should get epic for clients fetch client" time="0.016">
    </testcase>
    <testcase classname="client epics fetchClientStart should catch errors" name="client epics fetchClientStart should catch errors" time="0.01">
    </testcase>
    <testcase classname="client epics fetchSelfCompanyStart should get epic for clients fetch self company" name="client epics fetchSelfCompanyStart should get epic for clients fetch self company" time="0.004">
    </testcase>
    <testcase classname="client epics fetchSelfCompanyStart should catch errors" name="client epics fetchSelfCompanyStart should catch errors" time="0.012">
    </testcase>
    <testcase classname="client epics fetchDraftClientStart should get epic for clients fetch draft client" name="client epics fetchDraftClientStart should get epic for clients fetch draft client" time="0.016">
    </testcase>
    <testcase classname="client epics fetchDraftClientStart should catch errors" name="client epics fetchDraftClientStart should catch errors" time="0.015">
    </testcase>
    <testcase classname="client epics sendApproveClientStart should get epic for send for approve client" name="client epics sendApproveClientStart should get epic for send for approve client" time="0.005">
    </testcase>
    <testcase classname="client epics sendApproveClientStart should catch errors" name="client epics sendApproveClientStart should catch errors" time="0.01">
    </testcase>
    <testcase classname="client epics deleteClientStart should delete client and navigate to previous page" name="client epics deleteClientStart should delete client and navigate to previous page" time="0.017">
    </testcase>
    <testcase classname="client epics deleteClientStart should delete client and fetch client list" name="client epics deleteClientStart should delete client and fetch client list" time="0.018">
    </testcase>
    <testcase classname="client epics deleteClientStart should catch errors" name="client epics deleteClientStart should catch errors" time="0.014">
    </testcase>
    <testcase classname="client epics approveClientStart should get epic for approve client" name="client epics approveClientStart should get epic for approve client" time="0.014">
    </testcase>
    <testcase classname="client epics approveClientStart should catch errors" name="client epics approveClientStart should catch errors" time="0.015">
    </testcase>
    <testcase classname="client epics fetchClientListStart should get epic for clients fetch client list" name="client epics fetchClientListStart should get epic for clients fetch client list" time="0.013">
    </testcase>
    <testcase classname="client epics fetchClientListStart should catch errors" name="client epics fetchClientListStart should catch errors" time="0.018">
    </testcase>
    <testcase classname="client epics fetchUserClientListStart should get epic for clients fetch client list" name="client epics fetchUserClientListStart should get epic for clients fetch client list" time="0.016">
    </testcase>
    <testcase classname="client epics fetchUserClientListStart should catch errors" name="client epics fetchUserClientListStart should catch errors" time="0.014">
    </testcase>
    <testcase classname="client epics fetchMwbeTypesStart should get epic for clients mwbe list" name="client epics fetchMwbeTypesStart should get epic for clients mwbe list" time="0.016">
    </testcase>
    <testcase classname="client epics fetchMwbeTypesStart should catch errors" name="client epics fetchMwbeTypesStart should catch errors" time="0.015">
    </testcase>
    <testcase classname="client epics fetchTrades should get epic for trades list" name="client epics fetchTrades should get epic for trades list" time="0.016">
    </testcase>
    <testcase classname="client epics fetchTrades should catch errors" name="client epics fetchTrades should catch errors" time="0.012">
    </testcase>
    <testcase classname="client epics saveClientStart should get epic for save client" name="client epics saveClientStart should get epic for save client" time="0.006">
    </testcase>
    <testcase classname="client epics saveClientStart should catch errors" name="client epics saveClientStart should catch errors" time="0.013">
    </testcase>
    <testcase classname="client epics saveClientStart should catch relation errors" name="client epics saveClientStart should catch relation errors" time="0.016">
    </testcase>
    <testcase classname="client epics updateDraftClientStart should get epic for update draft client" name="client epics updateDraftClientStart should get epic for update draft client" time="0.016">
    </testcase>
    <testcase classname="client epics updateDraftClientStart should catch errors" name="client epics updateDraftClientStart should catch errors" time="0.015">
    </testcase>
    <testcase classname="client epics updateClientStart should get epic for update client" name="client epics updateClientStart should get epic for update client" time="0.014">
    </testcase>
    <testcase classname="client epics updateClientStart should catch errors" name="client epics updateClientStart should catch errors" time="0.017">
    </testcase>
    <testcase classname="client epics archiveClientStart should get epic for archive client" name="client epics archiveClientStart should get epic for archive client" time="0.015">
    </testcase>
    <testcase classname="client epics archiveClientStart should catch errors" name="client epics archiveClientStart should catch errors" time="0.015">
    </testcase>
    <testcase classname="client epics unarchiveClientStart should get epic for archive client" name="client epics unarchiveClientStart should get epic for archive client" time="0.015">
    </testcase>
    <testcase classname="client epics unarchiveClientStart should catch errors" name="client epics unarchiveClientStart should catch errors" time="0.004">
    </testcase>
    <testcase classname="client epics fetchClientSummaryStart should get epic for summary client" name="client epics fetchClientSummaryStart should get epic for summary client" time="0.012">
    </testcase>
    <testcase classname="client epics fetchClientSummaryStart should catch errors" name="client epics fetchClientSummaryStart should catch errors" time="0.01">
    </testcase>
    <testcase classname="client epics searchClientStart should get epic for general search" name="client epics searchClientStart should get epic for general search" time="0.02">
    </testcase>
    <testcase classname="client epics searchClientStart should catch errors" name="client epics searchClientStart should catch errors" time="0.015">
    </testcase>
    <testcase classname="client epics fetchProjectClientListStart should get epic for project fetch client list" name="client epics fetchProjectClientListStart should get epic for project fetch client list" time="0.016">
    </testcase>
    <testcase classname="client epics fetchProjectClientListStart should catch errors" name="client epics fetchProjectClientListStart should catch errors" time="0.015">
    </testcase>
    <testcase classname="client epics fetchSubContractorListStart should get epic for project fetch client list" name="client epics fetchSubContractorListStart should get epic for project fetch client list" time="0.016">
    </testcase>
    <testcase classname="client epics fetchSubContractorListStart should catch errors" name="client epics fetchSubContractorListStart should catch errors" time="0.011">
    </testcase>
    <testcase classname="client epics fetchProjectClientHirearchyListStart should get epic for project fetch client hirearchy list" name="client epics fetchProjectClientHirearchyListStart should get epic for project fetch client hirearchy list" time="0.006">
    </testcase>
    <testcase classname="client epics fetchProjectClientHirearchyListStart should catch errors" name="client epics fetchProjectClientHirearchyListStart should catch errors" time="0.011">
    </testcase>
    <testcase classname="client epics fetchProjectClientSummaryStart should get epic for project fetch client summary" name="client epics fetchProjectClientSummaryStart should get epic for project fetch client summary" time="0.005">
    </testcase>
    <testcase classname="client epics fetchProjectClientSummaryStart should catch errors" name="client epics fetchProjectClientSummaryStart should catch errors" time="0.004">
    </testcase>
    <testcase classname="client epics updateProjectClientTaxConditionStart should get epic for project update client tax condition summary" name="client epics updateProjectClientTaxConditionStart should get epic for project update client tax condition summary" time="0.009">
    </testcase>
    <testcase classname="client epics updateProjectClientTaxConditionStart should catch errors" name="client epics updateProjectClientTaxConditionStart should catch errors" time="0.012">
    </testcase>
  </testsuite>
  <testsuite name="project epics" errors="0" failures="0" skipped="0" timestamp="2021-05-14T18:14:26" time="1.948" tests="72">
    <testcase classname="project epics fetchProjectStart should get epic for projects fetch project" name="project epics fetchProjectStart should get epic for projects fetch project" time="0.047">
    </testcase>
    <testcase classname="project epics fetchProjectStart should catch errors" name="project epics fetchProjectStart should catch errors" time="0.088">
    </testcase>
    <testcase classname="project epics fetchDraftProjectStart should get epic for projects fetch project" name="project epics fetchDraftProjectStart should get epic for projects fetch project" time="0.094">
    </testcase>
    <testcase classname="project epics fetchDraftProjectStart should catch errors" name="project epics fetchDraftProjectStart should catch errors" time="0.124">
    </testcase>
    <testcase classname="project epics fetchProjectListStart should get epic for projects fetch project list when FC Admin" name="project epics fetchProjectListStart should get epic for projects fetch project list when FC Admin" time="0.132">
    </testcase>
    <testcase classname="project epics fetchProjectListStart should get epic for projects fetch project list when No FC Admin" name="project epics fetchProjectListStart should get epic for projects fetch project list when No FC Admin" time="0.073">
    </testcase>
    <testcase classname="project epics fetchProjectListStart should catch errors" name="project epics fetchProjectListStart should catch errors" time="0.015">
    </testcase>
    <testcase classname="project epics saveProjectStart should get epic for save project" name="project epics saveProjectStart should get epic for save project" time="0.063">
    </testcase>
    <testcase classname="project epics saveProjectStart should catch errors" name="project epics saveProjectStart should catch errors" time="0.137">
    </testcase>
[...]
    </testcase>
  </testsuite>
  <testsuite name="InvoiceInformationContainer" errors="0" failures="0" skipped="0" timestamp="2021-05-14T18:18:40" time="0.184" tests="4">
    <testcase classname="InvoiceInformationContainer should mapStateToProps" name="InvoiceInformationContainer should mapStateToProps" time="0.002">
    </testcase>
    <testcase classname="InvoiceInformationContainer should mapDispatchToProps" name="InvoiceInformationContainer should mapDispatchToProps" time="0">
    </testcase>
    <testcase classname="InvoiceInformationContainer should dispatch fetchInvoiceInformation start action" name="InvoiceInformationContainer should dispatch fetchInvoiceInformation start action" time="0.001">
    </testcase>
    <testcase classname="InvoiceInformationContainer should dispatch downloadInvoice start action" name="InvoiceInformationContainer should dispatch downloadInvoice start action" time="0.001">
    </testcase>
  </testsuite>
  <testsuite name="FileUploadContainer" errors="0" failures="0" skipped="0" timestamp="2021-05-14T18:18:40" time="0.196" tests="5">
    <testcase classname="FileUploadContainer should mapStateToProps, " name="FileUploadContainer should mapStateToProps, " time="0.002">
    </testcase>
    <testcase classname="FileUploadContainer should mapDispatchToProps" name="FileUploadContainer should mapDispatchToProps" time="0">
    </testcase>
    <testcase classname="FileUploadContainer should dispatch addFileList action" name="FileUploadContainer should dispatch addFileList action" time="0.001">
    </testcase>
    <testcase classname="FileUploadContainer should dispatch removeFile action" name="FileUploadContainer should dispatch removeFile action" time="0.001">
    </testcase>
    <testcase classname="FileUploadContainer should dispatch clearFileMap action" name="FileUploadContainer should dispatch clearFileMap action" time="0.001">
    </testcase>
  </testsuite>
  <testsuite name="LinkTab" errors="0" failures="0" skipped="0" timestamp="2021-05-14T18:18:41" time="0.188" tests="1">
    <testcase classname="LinkTab should render" name="LinkTab should render" time="0.016">
    </testcase>
  </testsuite>
  <testsuite name="ClientsByTradesContainer" errors="0" failures="0" skipped="0" timestamp="2021-05-14T18:18:41" time="0.177" tests="3">
    <testcase classname="ClientsByTradesContainer should mapStateToProps" name="ClientsByTradesContainer should mapStateToProps" time="0.001">
    </testcase>
    <testcase classname="ClientsByTradesContainer should mapDispatchToProps" name="ClientsByTradesContainer should mapDispatchToProps" time="0.001">
    </testcase>
    <testcase classname="ClientsByTradesContainer should dispatch fetchClientsByTrades start action" name="ClientsByTradesContainer should dispatch fetchClientsByTrades start action" time="0.001">
    </testcase>
  </testsuite>
  <testsuite name="Loader" errors="0" failures="0" skipped="0" timestamp="2021-05-14T18:18:41" time="0.198" tests="1">
    <testcase classname="Loader should render" name="Loader should render" time="0.009">
    </testcase>
  </testsuite>
  <testsuite name="BadgeHistoryTabContainer" errors="0" failures="0" skipped="0" timestamp="2021-05-14T18:18:41" time="0.184" tests="4">
    <testcase classname="BadgeHistoryTabContainer should mapStateToProps, " name="BadgeHistoryTabContainer should mapStateToProps, " time="0.002">
    </testcase>
    <testcase classname="BadgeHistoryTabContainer should mapDispatchToProps" name="BadgeHistoryTabContainer should mapDispatchToProps" time="0.001">
    </testcase>
    <testcase classname="BadgeHistoryTabContainer should dispatch fetchBadgeHistory start action" name="BadgeHistoryTabContainer should dispatch fetchBadgeHistory start action" time="0.001">
    </testcase>
    <testcase classname="BadgeHistoryTabContainer should dispatch clearBadgeHistory start action" name="BadgeHistoryTabContainer should dispatch clearBadgeHistory start action" time="0.001">
    </testcase>
  </testsuite>
  <testsuite name="Logo Component" errors="0" failures="0" skipped="0" timestamp="2021-05-14T18:18:42" time="0.198" tests="2">
    <testcase classname="Logo Component should render" name="Logo Component should render" time="0.009">
    </testcase>
    <testcase classname="Logo Component should render with custom props" name="Logo Component should render with custom props" time="0.006">
    </testcase>
  </testsuite>
  <testsuite name="Skeleton" errors="0" failures="0" skipped="0" timestamp="2021-05-14T18:18:42" time="0.185" tests="2">
    <testcase classname="Skeleton should render" name="Skeleton should render" time="0.003">
    </testcase>
    <testcase classname="Skeleton should show loading" name="Skeleton should show loading" time="0.013">
    </testcase>
  </testsuite>
  <testsuite name="ProjectsTabContainer" errors="0" failures="0" skipped="0" timestamp="2021-05-14T18:18:42" time="0.187" tests="4">
    <testcase classname="ProjectsTabContainer should mapStateToProps, " name="ProjectsTabContainer should mapStateToProps, " time="0.001">
    </testcase>
    <testcase classname="ProjectsTabContainer should mapDispatchToProps" name="ProjectsTabContainer should mapDispatchToProps" time="0.001">
    </testcase>
    <testcase classname="ProjectsTabContainer should mapDispatchToProps" name="ProjectsTabContainer should mapDispatchToProps" time="0.001">
    </testcase>
    <testcase classname="ProjectsTabContainer should dispatch fetchUserList start action" name="ProjectsTabContainer should dispatch fetchUserList start action" time="0">
    </testcase>
  </testsuite>
  <testsuite name="WorkersByTradesMinorityContainer" errors="0" failures="0" skipped="0" timestamp="2021-05-14T18:18:42" time="0.173" tests="3">
    <testcase classname="WorkersByTradesMinorityContainer should mapStateToProps" name="WorkersByTradesMinorityContainer should mapStateToProps" time="0.001">
    </testcase>
    <testcase classname="WorkersByTradesMinorityContainer should mapDispatchToProps" name="WorkersByTradesMinorityContainer should mapDispatchToProps" time="0">
    </testcase>
    <testcase classname="WorkersByTradesMinorityContainer should dispatch fetchWorkersByTradesMinority start action" name="WorkersByTradesMinorityContainer should dispatch fetchWorkersByTradesMinority start action" time="0.001">
    </testcase>
  </testsuite>
  <testsuite name="ProjectsTabContainer" errors="0" failures="0" skipped="0" timestamp="2021-05-14T18:18:43" time="0.385" tests="4">
    <testcase classname="ProjectsTabContainer should mapStateToProps, " name="ProjectsTabContainer should mapStateToProps, " time="0.004">
    </testcase>
    <testcase classname="ProjectsTabContainer should mapDispatchToProps" name="ProjectsTabContainer should mapDispatchToProps" time="0.002">
    </testcase>
    <testcase classname="ProjectsTabContainer should mapDispatchToProps" name="ProjectsTabContainer should mapDispatchToProps" time="0.002">
    </testcase>
    <testcase classname="ProjectsTabContainer should dispatch fetchProjectList start action" name="ProjectsTabContainer should dispatch fetchProjectList start action" time="0.002">
    </testcase>
  </testsuite>
  <testsuite name="TopTenProjectsContainer" errors="0" failures="0" skipped="0" timestamp="2021-05-14T18:18:43" time="1.355" tests="3">
    <testcase classname="TopTenProjectsContainer should mapStateToProps" name="TopTenProjectsContainer should mapStateToProps" time="0.002">
    </testcase>
    <testcase classname="TopTenProjectsContainer should mapDispatchToProps" name="TopTenProjectsContainer should mapDispatchToProps" time="0">
    </testcase>
    <testcase classname="TopTenProjectsContainer should dispatch fetchProjectTopTen start action" name="TopTenProjectsContainer should dispatch fetchProjectTopTen start action" time="0.001">
    </testcase>
  </testsuite>
  <testsuite name="CertificationsByWorkersContainer" errors="0" failures="0" skipped="0" timestamp="2021-05-14T18:18:45" time="0.198" tests="3">
    <testcase classname="CertificationsByWorkersContainer should mapStateToProps" name="CertificationsByWorkersContainer should mapStateToProps" time="0.001">
    </testcase>
    <testcase classname="CertificationsByWorkersContainer should mapDispatchToProps" name="CertificationsByWorkersContainer should mapDispatchToProps" time="0.001">
    </testcase>
    <testcase classname="CertificationsByWorkersContainer should dispatch fetchWorkersCertifications start action" name="CertificationsByWorkersContainer should dispatch fetchWorkersCertifications start action" time="0">
    </testcase>
  </testsuite>
  <testsuite name="WorkersByClientContainer" errors="0" failures="0" skipped="0" timestamp="2021-05-14T18:18:45" time="0.19" tests="3">
    <testcase classname="WorkersByClientContainer should mapStateToProps" name="WorkersByClientContainer should mapStateToProps" time="0.001">
    </testcase>
    <testcase classname="WorkersByClientContainer should mapDispatchToProps" name="WorkersByClientContainer should mapDispatchToProps" time="0">
    </testcase>
    <testcase classname="WorkersByClientContainer should dispatch fetchWorkersByClient start action" name="WorkersByClientContainer should dispatch fetchWorkersByClient start action" time="0">
    </testcase>
  </testsuite>
  <testsuite name="NewBadgesByLocationContainer" errors="0" failures="0" skipped="0" timestamp="2021-05-14T18:18:45" time="0.192" tests="3">
    <testcase classname="NewBadgesByLocationContainer should mapStateToProps" name="NewBadgesByLocationContainer should mapStateToProps" time="0.001">
    </testcase>
    <testcase classname="NewBadgesByLocationContainer should mapDispatchToProps" name="NewBadgesByLocationContainer should mapDispatchToProps" time="0.001">
    </testcase>
    <testcase classname="NewBadgesByLocationContainer should dispatch fetchWorkersObservations start action" name="NewBadgesByLocationContainer should dispatch fetchWorkersObservations start action" time="0.001">
    </testcase>
  </testsuite>
  <testsuite name="HirearchyViewContainer" errors="0" failures="0" skipped="0" timestamp="2021-05-14T18:18:46" time="0.195" tests="5">
    <testcase classname="HirearchyViewContainer should mapStateToProps, " name="HirearchyViewContainer should mapStateToProps, " time="0.002">
    </testcase>
    <testcase classname="HirearchyViewContainer should mapDispatchToProps" name="HirearchyViewContainer should mapDispatchToProps" time="0.001">
    </testcase>
    <testcase classname="HirearchyViewContainer should dispatch fetchProjectClientHirearchyList start action" name="HirearchyViewContainer should dispatch fetchProjectClientHirearchyList start action" time="0.001">
    </testcase>
    <testcase classname="HirearchyViewContainer should dispatch clearClientMap start action" name="HirearchyViewContainer should dispatch clearClientMap start action" time="0">
    </testcase>
    <testcase classname="HirearchyViewContainer should dispatch navigate action" name="HirearchyViewContainer should dispatch navigate action" time="0.001">
    </testcase>
  </testsuite>
  <testsuite name="NewActiveClientsContainer" errors="0" failures="0" skipped="0" timestamp="2021-05-14T18:18:46" time="0.181" tests="3">
    <testcase classname="NewActiveClientsContainer should mapStateToProps" name="NewActiveClientsContainer should mapStateToProps" time="0.001">
    </testcase>
    <testcase classname="NewActiveClientsContainer should mapDispatchToProps" name="NewActiveClientsContainer should mapDispatchToProps" time="0.001">
    </testcase>
    <testcase classname="NewActiveClientsContainer should dispatch fetchActiveClients start action" name="NewActiveClientsContainer should dispatch fetchActiveClients start action" time="0.001">
    </testcase>
  </testsuite>
  <testsuite name="NewActiveProjectsContainer" errors="0" failures="0" skipped="0" timestamp="2021-05-14T18:18:46" time="0.173" tests="3">
    <testcase classname="NewActiveProjectsContainer should mapStateToProps" name="NewActiveProjectsContainer should mapStateToProps" time="0.001">
    </testcase>
    <testcase classname="NewActiveProjectsContainer should mapDispatchToProps" name="NewActiveProjectsContainer should mapDispatchToProps" time="0.001">
    </testcase>
    <testcase classname="NewActiveProjectsContainer should dispatch fetchActiveProjects start action" name="NewActiveProjectsContainer should dispatch fetchActiveProjects start action" time="0.001">
    </testcase>
  </testsuite>
  <testsuite name="WorkersByProjectContainer" errors="0" failures="0" skipped="0" timestamp="2021-05-14T18:18:47" time="0.183" tests="3">
    <testcase classname="WorkersByProjectContainer should mapStateToProps" name="WorkersByProjectContainer should mapStateToProps" time="0.001">
    </testcase>
    <testcase classname="WorkersByProjectContainer should mapDispatchToProps" name="WorkersByProjectContainer should mapDispatchToProps" time="0.001">
    </testcase>
    <testcase classname="WorkersByProjectContainer should dispatch fetchWorkersByProject start action" name="WorkersByProjectContainer should dispatch fetchWorkersByProject start action" time="0.001">
    </testcase>
  </testsuite>
  <testsuite name="NewBadgesByLocationContainer" errors="0" failures="0" skipped="0" timestamp="2021-05-14T18:18:47" time="0.187" tests="3">
    <testcase classname="NewBadgesByLocationContainer should mapStateToProps" name="NewBadgesByLocationContainer should mapStateToProps" time="0.002">
    </testcase>
    <testcase classname="NewBadgesByLocationContainer should mapDispatchToProps" name="NewBadgesByLocationContainer should mapDispatchToProps" time="0">
    </testcase>
    <testcase classname="NewBadgesByLocationContainer should dispatch fetchBadgeLocation start action" name="NewBadgesByLocationContainer should dispatch fetchBadgeLocation start action" time="0.001">
    </testcase>
  </testsuite>
  <testsuite name="WorkersByTradesNonMinorityContainer" errors="0" failures="0" skipped="0" timestamp="2021-05-14T18:18:47" time="0.186" tests="3">
    <testcase classname="WorkersByTradesNonMinorityContainer should mapStateToProps" name="WorkersByTradesNonMinorityContainer should mapStateToProps" time="0.001">
    </testcase>
    <testcase classname="WorkersByTradesNonMinorityContainer should mapDispatchToProps" name="WorkersByTradesNonMinorityContainer should mapDispatchToProps" time="0.001">
    </testcase>
    <testcase classname="WorkersByTradesNonMinorityContainer should dispatch fetchWorkersByTradesNonMinority start action" name="WorkersByTradesNonMinorityContainer should dispatch fetchWorkersByTradesNonMinority start action" time="0.001">
    </testcase>
  </testsuite>
  <testsuite name="TopTenClientsContainer" errors="0" failures="0" skipped="0" timestamp="2021-05-14T18:18:47" time="0.205" tests="4">
    <testcase classname="TopTenClientsContainer should mapStateToProps" name="TopTenClientsContainer should mapStateToProps" time="0.002">
    </testcase>
    <testcase classname="TopTenClientsContainer should mapDispatchToProps" name="TopTenClientsContainer should mapDispatchToProps" time="0">
    </testcase>
    <testcase classname="TopTenClientsContainer should dispatch fetchClientTopTen start action" name="TopTenClientsContainer should dispatch fetchClientTopTen start action" time="0.001">
    </testcase>
    <testcase classname="TopTenClientsContainer should dispatch navigate start action" name="TopTenClientsContainer should dispatch navigate start action" time="0.001">
    </testcase>
  </testsuite>
  <testsuite name="ToastListContainer" errors="0" failures="0" skipped="0" timestamp="2021-05-14T18:18:48" time="0.191" tests="1">
    <testcase classname="ToastListContainer should mapStateToProps, " name="ToastListContainer should mapStateToProps, " time="0.001">
    </testcase>
  </testsuite>
  <testsuite name="SidebarContainer" errors="0" failures="0" skipped="0" timestamp="2021-05-14T18:18:48" time="0.191" tests="1">
    <testcase classname="SidebarContainer should mapStateToProps, " name="SidebarContainer should mapStateToProps, " time="0.002">
    </testcase>
  </testsuite>
  <testsuite name="RolePill" errors="0" failures="0" skipped="0" timestamp="2021-05-14T18:18:48" time="0.188" tests="3">
    <testcase classname="RolePill should render DEV" name="RolePill should render DEV" time="0.008">
    </testcase>
    <testcase classname="RolePill should render GC" name="RolePill should render GC" time="0.003">
    </testcase>
    <testcase classname="RolePill should render SUB" name="RolePill should render SUB" time="0.003">
    </testcase>
  </testsuite>
  <testsuite name="RoleGuardContainer" errors="0" failures="0" skipped="0" timestamp="2021-05-14T18:18:49" time="0.193" tests="1">
    <testcase classname="RoleGuardContainer should mapStateToProps, " name="RoleGuardContainer should mapStateToProps, " time="0.001">
    </testcase>
  </testsuite>
  <testsuite name="ControlledButton" errors="0" failures="0" skipped="0" timestamp="2021-05-14T18:18:49" time="0.19" tests="2">
    <testcase classname="ControlledButton should render" name="ControlledButton should render" time="0.014">
    </testcase>
    <testcase classname="ControlledButton should call disable and enable focus" name="ControlledButton should call disable and enable focus" time="0.006">
    </testcase>
  </testsuite>
  <testsuite name="Controlled Mask Input" errors="0" failures="0" skipped="0" timestamp="2021-05-14T18:18:49" time="0.16" tests="2">
    <testcase classname="Controlled Mask Input should render with mask" name="Controlled Mask Input should render with mask" time="0.009">
    </testcase>
    <testcase classname="Controlled Mask Input should render without mask" name="Controlled Mask Input should render without mask" time="0.008">
    </testcase>
  </testsuite>
  <testsuite name="WizardContainer" errors="0" failures="0" skipped="0" timestamp="2021-05-14T18:18:49" time="0.185" tests="3">
    <testcase classname="WizardContainer should mapDispatchToProps" name="WizardContainer should mapDispatchToProps" time="0.001">
    </testcase>
    <testcase classname="WizardContainer should dispatch push action" name="WizardContainer should dispatch push action" time="0.001">
    </testcase>
    <testcase classname="WizardContainer should clearLoadingMap action" name="WizardContainer should clearLoadingMap action" time="0.001">
    </testcase>
  </testsuite>
  <testsuite name="ButtonPrinterContainer" errors="0" failures="0" skipped="0" timestamp="2021-05-14T18:18:49" time="0.161" tests="2">
    <testcase classname="ButtonPrinterContainer should mapDispatchToProps" name="ButtonPrinterContainer should mapDispatchToProps" time="0.002">
    </testcase>
    <testcase classname="ButtonPrinterContainer should dispatch destroyPrinter action" name="ButtonPrinterContainer should dispatch destroyPrinter action" time="0.001">
    </testcase>
  </testsuite>
  <testsuite name="DashboardTableRowContainer" errors="0" failures="0" skipped="0" timestamp="2021-05-14T18:18:50" time="0.154" tests="2">
    <testcase classname="DashboardTableRowContainer should mapDispatchToProps" name="DashboardTableRowContainer should mapDispatchToProps" time="0.002">
    </testcase>
    <testcase classname="DashboardTableRowContainer should dispatch navigate start action" name="DashboardTableRowContainer should dispatch navigate start action" time="0.002">
    </testcase>
  </testsuite>
  <testsuite name="ErrorBoundaryTest" errors="0" failures="0" skipped="0" timestamp="2021-05-14T18:18:50" time="0.1" tests="2">
    <testcase classname="ErrorBoundaryTest renders child" name="ErrorBoundaryTest renders child" time="0.009">
    </testcase>
    <testcase classname="ErrorBoundaryTest renders placeholder when child render fails" name="ErrorBoundaryTest renders placeholder when child render fails" time="0.003">
    </testcase>
  </testsuite>
</testsuites>